<?xml version="1.0" encoding="UTF-8"?>
<!-- Generated by org.testng.reporters.JUnitReportReporter -->
<testsuite hostname="DESKTOP-DJ4FDME" failures="0" tests="2" name="org.xyz.automation.fb.FirstAutomation" time="10.382" errors="0" timestamp="2023-10-27T19:24:41 IST" skipped="0">
  <testcase classname="org.xyz.automation.fb.FirstAutomation" name="signupfunc" time="6.680"/>
  <testcase classname="org.xyz.automation.fb.FirstAutomation" name="loginfunc" time="3.702"/>
</testsuite> <!-- org.xyz.automation.fb.FirstAutomation -->
