<?xml version="1.0" encoding="UTF-8"?>
<!-- Generated by org.testng.reporters.JUnitReportReporter -->
<testsuite hostname="DESKTOP-DJ4FDME" failures="0" tests="1" name="org.xyz.automation.fb.FetchDataRuntime" time="5.151" errors="0" timestamp="2023-10-23T19:58:37 IST" skipped="0">
  <testcase classname="org.xyz.automation.fb.FetchDataRuntime" name="initiateBrowser" time="5.151"/>
</testsuite> <!-- org.xyz.automation.fb.FetchDataRuntime -->
