<?xml version="1.0" encoding="UTF-8"?>
<!-- Generated by org.testng.reporters.JUnitReportReporter -->
<testsuite hostname="DESKTOP-DJ4FDME" failures="0" tests="1" name="org.wipro.automation.aumw.testcases.LoginScenarios" time="4.715" errors="0" timestamp="2023-11-03T19:31:18 IST" skipped="0">
  <testcase classname="org.wipro.automation.aumw.testcases.LoginScenarios" name="tc01_loginFunc" time="4.715"/>
</testsuite> <!-- org.wipro.automation.aumw.testcases.LoginScenarios -->
