<?xml version="1.0" encoding="UTF-8"?>
<!-- Generated by org.testng.reporters.JUnitReportReporter -->
<testsuite hostname="DESKTOP-DJ4FDME" failures="0" tests="1" name="learnTestNG.TestScenario1" time="0.009" errors="0" timestamp="2023-10-17T19:54:34 IST" skipped="0">
  <testcase classname="learnTestNG.TestScenario1" name="sixth_testcase" time="0.009"/>
</testsuite> <!-- learnTestNG.TestScenario1 -->
