<?xml version="1.0" encoding="UTF-8"?>
<!-- Generated by org.testng.reporters.JUnitReportReporter -->
<testsuite hostname="DESKTOP-DJ4FDME" failures="0" tests="4" name="org.xyz.automation.fb.KeyMouse" time="12.264" errors="0" timestamp="2023-11-02T19:18:04 IST" skipped="2">
  <testcase classname="org.xyz.automation.fb.KeyMouse" name="handleAlerts" time="4.706"/>
  <testcase classname="org.xyz.automation.fb.KeyMouse" name="handleFrames" time="7.558"/>
  <testcase classname="org.xyz.automation.fb.KeyMouse" name="handlemouse">
    <skipped/>
  </testcase> <!-- handlemouse -->
  <testcase classname="org.xyz.automation.fb.KeyMouse" name="handleKeyboard">
    <skipped/>
  </testcase> <!-- handleKeyboard -->
</testsuite> <!-- org.xyz.automation.fb.KeyMouse -->
