<?xml version="1.0" encoding="UTF-8"?>
<!-- Generated by org.testng.reporters.JUnitReportReporter -->
<testsuite hostname="DESKTOP-DJ4FDME" failures="0" tests="2" name="org.xyz.automation.fb.BrowserControl" time="10.965" errors="0" timestamp="2023-10-27T19:38:43 IST" skipped="1">
  <testcase classname="org.xyz.automation.fb.BrowserControl" name="facebooklogin" time="10.965"/>
  <testcase classname="org.xyz.automation.fb.BrowserControl" name="initiateBrowser">
    <skipped/>
  </testcase> <!-- initiateBrowser -->
</testsuite> <!-- org.xyz.automation.fb.BrowserControl -->
