<?xml version="1.0" encoding="UTF-8"?>
<!-- Generated by org.testng.reporters.JUnitReportReporter -->
<testsuite hostname="DESKTOP-DJ4FDME" failures="0" tests="1" name="learnTestNG.TestScenario3" time="0.003" errors="0" timestamp="2023-10-17T19:54:52 IST" skipped="0">
  <testcase classname="learnTestNG.TestScenario3" name="first_testcase" time="0.003"/>
</testsuite> <!-- learnTestNG.TestScenario3 -->
