<?xml version="1.0" encoding="UTF-8"?>
<!-- Generated by org.testng.reporters.JUnitReportReporter -->
<testsuite hostname="DESKTOP-DJ4FDME" failures="0" tests="1" name="learnTestNG.TestScenario2" time="0.008" errors="0" timestamp="2023-10-17T19:54:52 IST" skipped="0">
  <testcase classname="learnTestNG.TestScenario2" name="first_testcase" time="0.008"/>
</testsuite> <!-- learnTestNG.TestScenario2 -->
