<?xml version="1.0" encoding="UTF-8"?>
<!-- Generated by org.testng.reporters.JUnitReportReporter -->
<testsuite hostname="DESKTOP-DJ4FDME" failures="0" tests="3" name="org.wipro.automation.aumw.testcases.LoginScenarios_DDF" time="19.112" errors="0" timestamp="2023-11-03T19:41:15 IST" skipped="0">
  <testcase classname="org.wipro.automation.aumw.testcases.LoginScenarios_DDF" name="tc01_loginFunc" time="7.093"/>
  <testcase classname="org.wipro.automation.aumw.testcases.LoginScenarios_DDF" name="tc01_loginFunc" time="6.206"/>
  <testcase classname="org.wipro.automation.aumw.testcases.LoginScenarios_DDF" name="tc01_loginFunc" time="5.813"/>
</testsuite> <!-- org.wipro.automation.aumw.testcases.LoginScenarios_DDF -->
